<-= 1 =->
name = Basics
city = Dallas
name = Allied
city = Dallas
<-= 2 =->
name = folder
priceusd = 2.00
name = clip
priceusd = 1.25
<-= 3 =->
name = ACME
pid = p01
dollars = 500.00
name = ACME
pid = p01
dollars = 460.00
name = Tiptop
pid = p01
dollars = 450.00
name = ACME
pid = p01
dollars = 400.00
name = Tiptop
pid = p02
dollars = 180.00
name = Basics
pid = p03
dollars = 880.00
name = Basics
pid = p03
dollars = 740.00
name = Tiptop
pid = p03
dollars = 540.00
name = Tiptop
pid = p04
dollars = 540.00
name = Allied
pid = p05
dollars = 1104.00
name = Tiptop
pid = p05
dollars = 450.00
name = Tiptop
pid = p06
dollars = 720.00
name = Tiptop
pid = p07
dollars = 720.00
name = ACME
pid = p07
dollars = 600.00
<-= 4 =->
name = Basics
ordertotal = 1620.00
name = ACME
ordertotal = 460.00
name = Tiptop
ordertotal = 3600.00
name = ACME
ordertotal = 1500.00
name = Allied
ordertotal = 1104.00
<-= 5 =->
customername = Basics
productname = razor
agentname = Brown
customername = Allied
productname = pencil
agentname = Brown
customername = Tiptop
productname = pen
agentname = Brown
customername = ACME
productname = case
agentname = Brown
<-= 6 =->
ordno = 1026
mon = may
cid = c002
aid = a05
pid = p03
qty = 800
dollars = 740.00
truedollars = 704.0000000000000000000000
<-= 7 =->
cid = c001
name = Tiptop
pid = p01
cid = c002
name = Basics
pid = p03
cid = c003
name = Allied
pid = p05
cid = c006
name = ACME
pid = p01
cid = c001
name = Tiptop
pid = p03
cid = c001
name = Tiptop
pid = p04
cid = c001
name = Tiptop
pid = p02
cid = c006
name = ACME
pid = p07
cid = c004
name = ACME
pid = p01
cid = c001
name = Tiptop
pid = p06
cid = c001
name = Tiptop
pid = p05
cid = c006
name = ACME
pid = p01
cid = c001
name = Tiptop
pid = p07
cid = c002
name = Basics
pid = p03
cid = c005
name = Weyland-Yutani
pid = None
<-= 8 =->
cid = c001
name = Tiptop
pid = p01
cid = c002
name = Basics
pid = p03
cid = c003
name = Allied
pid = p05
cid = c006
name = ACME
pid = p01
cid = c001
name = Tiptop
pid = p03
cid = c001
name = Tiptop
pid = p04
cid = c001
name = Tiptop
pid = p02
cid = c006
name = ACME
pid = p07
cid = c004
name = ACME
pid = p01
cid = c001
name = Tiptop
pid = p06
cid = c001
name = Tiptop
pid = p05
cid = c006
name = ACME
pid = p01
cid = c001
name = Tiptop
pid = p07
cid = c002
name = Basics
pid = p03
<-= 9 =->
None
<-= end =->
